  speechManager.cpp
E:\c++学习\10. 演讲比赛流程管理系统\speechManager.cpp(328,42): warning C4267: “=”: 从“size_t”转换到“int”，可能丢失数据
E:\VStudio projects\VC\Tools\MSVC\14.34.31933\include\numeric(34,26): warning C4244: “=”: 从“double”转换到“_Ty”，可能丢失数据
          with
          [
              _Ty=float
          ]
E:\VStudio projects\VC\Tools\MSVC\14.34.31933\include\numeric(41,89): message : 查看对正在编译的函数 模板 实例化“_Ty std::accumulate<_InIt,_Ty,std::plus<void>>(const _InIt,const _InIt,_Ty,_Fn)”的引用
          with
          [
              _Ty=float,
              _InIt=std::_Deque_iterator<std::_Deque_val<std::_Deque_simple_types<double>>>,
              _Fn=std::plus<void>
          ]
E:\c++学习\10. 演讲比赛流程管理系统\speechManager.cpp(194,56): message : 查看对正在编译的函数 模板 实例化“_Ty std::accumulate<std::_Deque_iterator<std::_Deque_val<std::_Deque_simple_types<double>>>,float>(const _InIt,const _InIt,_Ty)”的引用
          with
          [
              _Ty=float,
              _InIt=std::_Deque_iterator<std::_Deque_val<std::_Deque_simple_types<double>>>
          ]
  源.cpp
  正在生成代码...
  10. 演讲比赛流程管理系统.vcxproj -> E:\c++学习\10. 演讲比赛流程管理系统\x64\Debug\10. 演讲比赛流程管理系统.exe
